<?xml version="1.0" encoding="UTF-8"?>
<!-- Generated by org.testng.reporters.JUnitXMLReporter -->
<testsuite hostname="LAPTOP-L43D0T59" ignored="0" name="Default test" tests="3" failures="0" timestamp="21 Apr 2021 19:16:03 GMT" time="29.488" errors="0">
  <testcase name="testPageTitle" time="7.356" classname="com.acti.TestCases.TC01_ValidateLogin"/>
  <testcase name="testActiLogo" time="8.871" classname="com.acti.TestCases.TC01_ValidateLogin"/>
  <testcase name="testLoginFunctionality" time="7.352" classname="com.acti.TestCases.TC01_ValidateLogin"/>
</testsuite> <!-- Default test -->
