<?xml version="1.0" encoding="UTF-8"?>
<!-- Generated by org.testng.reporters.JUnitXMLReporter -->
<testsuite hostname="LAPTOP-L43D0T59" ignored="0" name="Test" tests="3" failures="0" timestamp="21 Apr 2021 17:14:48 GMT" time="47.15" errors="0">
  <testcase name="testPageTitle" time="14.353" classname="com.acti.TestCases.TC01_ValidateLogin"/>
  <testcase name="testActiLogo" time="13.987" classname="com.acti.TestCases.TC01_ValidateLogin"/>
  <testcase name="testLoginFunctionality" time="13.138" classname="com.acti.TestCases.TC01_ValidateLogin"/>
</testsuite> <!-- Test -->
