<?xml version="1.0" encoding="UTF-8"?>
<testng-results skipped="0" failed="0" ignored="0" total="3" passed="3">
  <reporter-output>
  </reporter-output>
  <suite name="Default suite" duration-ms="29488" started-at="2021-04-21T19:15:33Z" finished-at="2021-04-21T19:16:03Z">
    <groups>
    </groups>
    <test name="Default test" duration-ms="29488" started-at="2021-04-21T19:15:33Z" finished-at="2021-04-21T19:16:03Z">
      <class name="com.acti.TestCases.TC01_ValidateLogin">
        <test-method status="PASS" signature="setUp()[pri:0, instance:com.acti.TestCases.TC01_ValidateLogin@5442a311]" name="setUp" is-config="true" duration-ms="2054" started-at="2021-04-21T19:15:33Z" finished-at="2021-04-21T19:15:35Z">
          <reporter-output>
          </reporter-output>
        </test-method> <!-- setUp -->
        <test-method status="PASS" signature="testPageTitle()[pri:1, instance:com.acti.TestCases.TC01_ValidateLogin@5442a311]" name="testPageTitle" duration-ms="7356" started-at="2021-04-21T19:15:35Z" finished-at="2021-04-21T19:15:43Z">
          <reporter-output>
          </reporter-output>
        </test-method> <!-- testPageTitle -->
        <test-method status="PASS" signature="tearDown()[pri:0, instance:com.acti.TestCases.TC01_ValidateLogin@5442a311]" name="tearDown" is-config="true" duration-ms="648" started-at="2021-04-21T19:15:43Z" finished-at="2021-04-21T19:15:43Z">
          <reporter-output>
          </reporter-output>
        </test-method> <!-- tearDown -->
        <test-method status="PASS" signature="setUp()[pri:0, instance:com.acti.TestCases.TC01_ValidateLogin@5442a311]" name="setUp" is-config="true" duration-ms="1492" started-at="2021-04-21T19:15:43Z" finished-at="2021-04-21T19:15:45Z">
          <reporter-output>
          </reporter-output>
        </test-method> <!-- setUp -->
        <test-method status="PASS" signature="testActiLogo()[pri:2, instance:com.acti.TestCases.TC01_ValidateLogin@5442a311]" name="testActiLogo" duration-ms="8871" started-at="2021-04-21T19:15:45Z" finished-at="2021-04-21T19:15:54Z">
          <reporter-output>
          </reporter-output>
        </test-method> <!-- testActiLogo -->
        <test-method status="PASS" signature="tearDown()[pri:0, instance:com.acti.TestCases.TC01_ValidateLogin@5442a311]" name="tearDown" is-config="true" duration-ms="172" started-at="2021-04-21T19:15:54Z" finished-at="2021-04-21T19:15:54Z">
          <reporter-output>
          </reporter-output>
        </test-method> <!-- tearDown -->
        <test-method status="PASS" signature="setUp()[pri:0, instance:com.acti.TestCases.TC01_ValidateLogin@5442a311]" name="setUp" is-config="true" duration-ms="1336" started-at="2021-04-21T19:15:54Z" finished-at="2021-04-21T19:15:55Z">
          <reporter-output>
          </reporter-output>
        </test-method> <!-- setUp -->
        <test-method status="PASS" signature="testLoginFunctionality()[pri:3, instance:com.acti.TestCases.TC01_ValidateLogin@5442a311]" name="testLoginFunctionality" duration-ms="7352" started-at="2021-04-21T19:15:55Z" finished-at="2021-04-21T19:16:02Z">
          <reporter-output>
          </reporter-output>
        </test-method> <!-- testLoginFunctionality -->
        <test-method status="PASS" signature="tearDown()[pri:0, instance:com.acti.TestCases.TC01_ValidateLogin@5442a311]" name="tearDown" is-config="true" duration-ms="184" started-at="2021-04-21T19:16:02Z" finished-at="2021-04-21T19:16:03Z">
          <reporter-output>
          </reporter-output>
        </test-method> <!-- tearDown -->
      </class> <!-- com.acti.TestCases.TC01_ValidateLogin -->
    </test> <!-- Default test -->
  </suite> <!-- Default suite -->
</testng-results>
